I/pppd    (  993): pppd options in effect:
I/pppd    (  993): debug		# (from /etc/ppp/peers/F0xX-ppp-call)
I/pppd    (  993): nodetach		# (from /etc/ppp/peers/F0xX-ppp-call)
I/pppd    (  993): dump		# (from /etc/ppp/peers/F0xX-ppp-call)
I/pppd    (  993): noauth		# (from /etc/ppp/peers/F0xX-ppp-call)
I/pppd    (  993): remotename 3gppp		# (from /etc/ppp/peers/F0xX-ppp-call)
I/pppd    (  993): /dev/ttyUSB1		# (from /etc/ppp/peers/F0xX-ppp-call)
I/pppd    (  993): 115200		# (from /etc/ppp/peers/F0xX-ppp-call)
I/pppd    (  993): lock		# (from /etc/ppp/peers/F0xX-ppp-call)
I/pppd    (  993): connect chat -s -v -f /etc/ppp/chat/F0xX-chat-connect -T CMNET	# (from /etc/ppp/peers/F0xX-ppp-call)
I/pppd    (  993): disconnect chat -s -v -f /etc/ppp/chat/F0xX-chat-disconnect		# (from /etc/ppp/peers/F0xX-ppp-call)
I/pppd    (  993): nocrtscts		# (from /etc/ppp/peers/F0xX-ppp-call)
I/pppd    (  993): modem		# (from /etc/ppp/peers/F0xX-ppp-call)
I/pppd    (  993): hide-password		# (from /etc/ppp/peers/F0xX-ppp-call)
I/pppd    (  993): novj		# (from /etc/ppp/peers/F0xX-ppp-call)
I/pppd    (  993): novjccomp		# (from /etc/ppp/peers/F0xX-ppp-call)
I/pppd    (  993): ipcp-accept-local		# (from /etc/ppp/peers/F0xX-ppp-call)
I/pppd    (  993): ipcp-accept-remote		# (from /etc/ppp/peers/F0xX-ppp-call)
I/pppd    (  993): ipparam 3gppp		# (from /etc/ppp/peers/F0xX-ppp-call)
I/pppd    (  993): noipdefault		# (from /etc/ppp/peers/F0xX-ppp-call)
I/pppd    (  993): ipcp-max-failure 30		# (from /etc/ppp/peers/F0xX-ppp-call)
I/pppd    (  993): defaultroute		# (from /etc/ppp/peers/F0xX-ppp-call)
I/pppd    (  993): usepeerdns		# (from /etc/ppp/peers/F0xX-ppp-call)
I/pppd    (  993): noccp		# (from /etc/ppp/peers/F0xX-ppp-call)
E/pppd    (  993): Connect script failed
