[21:48:43.848] AT

[21:48:43.852] 
[21:48:43.852] OK
[21:48:43.852] 
[21:49:10.576] 
[21:49:10.576] RDY
[21:49:10.576] 
[21:49:10.640] +CFUN: 4
[21:49:10.640] 
[21:49:10.840] +CPIN: READY
[21:49:10.840] 
[21:49:10.840] +QUSIM: 1
[21:49:10.840] 
[21:49:11.585] 
[21:49:11.585] +QIND: SMS DONE
[21:49:11.585] 
[21:49:12.511] 
[21:49:12.511] +QIND: PB DONE
[21:49:12.511] 
[21:49:33.668] AT+CIMI
[21:49:33.674] AT+CIMI
[21:49:37.093] AT+CIMI
[21:49:37.096] AT+CIMI
[21:49:47.761] AT+CGDCONT?

[21:49:47.765] AT+CGDCONT?
[21:49:47.765] ERROR
[21:49:47.765] 
[21:49:51.617] AT+CGDCONT?

[21:49:51.623] AT+CGDCONT?
[21:49:51.623] +CGDCONT: 1,"IPV4V6","","0.0.0.0.0.0.0.0.0.0.0.0.0.0.0.0",0,0,0,0,,,,,,,,,"",,,,0
[21:49:51.623] +CGDCONT: 2,"IPV4V6","ims","0.0.0.0.0.0.0.0.0.0.0.0.0.0.0.0",0,0,0,0,,,,,,,,,"",,,,0
[21:49:51.623] +CGDCONT: 3,"IPV4V6","CMNET","0.0.0.0.0.0.0.0.0.0.0.0.0.0.0.0",0,0,0,0,,,,,,,,,"",,,,0
[21:49:51.623] +CGDCONT: 4,"IPV4V6","CMWAP","0.0.0.0.0.0.0.0.0.0.0.0.0.0.0.0",0,0,0,0,,,,,,,,,"",,,,0
[21:49:51.623] +CGDCONT: 5,"IPV4V6","SOS","0.0.0.0.0.0.0.0.0.0.0.0.0.0.0.0",0,0,0,1,,,,,,,,,"",,,,0
[21:49:51.623] 
[21:49:51.623] OK
[21:49:51.623] 
[21:50:11.509] AT+CGATT?

[21:50:11.514] AT+CGATT?
[21:50:11.514] +CGATT: 1
[21:50:11.514] 
[21:50:11.514] OK
[21:50:11.514] 
[21:50:23.333] AT+CREG?

[21:50:23.338] AT+CREG?
[21:50:23.338] +CREG: 0,1
[21:50:23.338] 
[21:50:23.338] OK
[21:50:23.338] 
[21:50:34.237] AT+PRODUCTINFO
[21:50:34.240] AT+PRODUCTINFO
[21:50:44.037] AT+cesqdbm
[21:50:44.040] AT+cesqdbm
[21:52:10.528] AT+CPIN?

[21:52:10.535] AT+CPIN?
[21:52:10.535] ERROR
[21:52:10.535] 
[21:52:11.888] AT+CPIN?

[21:52:11.894] AT+CPIN?
[21:52:11.894] +CPIN: READY
[21:52:11.894] 
[21:52:11.894] OK
[21:52:11.894] 
[21:52:19.140] AT+CSQ

[21:52:19.144] AT+CSQ
[21:52:19.144] +CSQ: 31,99
[21:52:19.144] 
[21:52:19.144] OK
[21:52:19.144] 