[13:03:16.683] AT+CPIN?
[13:03:16.683] +CME ERROR: SIM not inserted
[13:03:16.683] 
[13:03:18.330] AT+CPIN?
[13:03:18.330] +CME ERROR: SIM not inserted
[13:03:18.330] 
[13:03:19.098] AT+CPIN?
[13:03:19.098] +CME ERROR: SIM not inserted
[13:03:19.098] AT+CPIN?
[13:03:19.306] +CME ERROR: SIM not inserted
[13:03:19.306] AT+CPIN?
[13:03:19.498] +CME ERROR: SIM not inserted
[13:03:19.498] 
[13:03:19.674] AT+CPIN?
[13:03:19.674] +CME ERROR: SIM not inserted
[13:03:19.674] AT+CPIN?
[13:03:19.864] +CME ERROR: SIM not inserted
[13:03:19.864] 
[21:12:31.250] AT+CPIN?
[21:12:31.250] +CME ERROR: SIM not inserted
[21:12:31.250] 
[21:12:32.405] AT+CPIN?
[21:12:32.405] +CME ERROR: SIM not inserted
[21:12:32.405] 
[21:22:33.353] AT
[21:22:33.353] OK
[21:22:33.353] 
[21:22:34.040] AT
[21:22:34.042] 
[21:22:34.042] OK
[21:22:34.042] AT
[21:22:34.268] OK
[21:22:34.268] AT
[21:22:34.460] OK
[21:22:34.460] 
[21:22:34.652] AT
[21:22:34.652] OK
[21:22:34.652] AT
[21:22:34.859] OK
[21:22:34.859] AT
[21:22:35.019] OK
[21:22:35.019] 
[21:22:35.210] AT
[21:22:35.210] OK
[21:22:35.210] 
[21:22:41.637] AT+CPIN?
[21:22:41.637] +CME ERROR: SIM not inserted
[21:22:41.637] 
[21:22:47.405] AT+CGACT?
[21:22:47.407] 
[21:22:47.407] ERROR
[21:22:47.407] 
[21:22:55.642] AT+CREG?
[21:22:55.642] ERROR
[21:22:55.642] 
[21:23:00.893] AT+CPIN?
[21:23:00.893] +CME ERROR: SIM not inserted
[21:23:00.893] 
[21:23:01.978] AT+CPIN?
[21:23:01.978] +CME ERROR: SIM not inserted
[21:23:01.978] AT+CPIN?
[21:23:02.436] +CME ERROR: SIM not inserted
[21:23:02.436] 
[21:23:02.626] AT+CPIN?
[21:23:02.627] 
[21:23:02.627] +CME ERROR: SIM not inserted
[21:23:02.627] AT+CPIN?
[21:23:02.835] +CME ERROR: SIM not inserted
[21:23:02.835] 
[21:26:24.362] AT+CPIN?
[21:26:24.362] +CPIN: READY
[21:26:24.362] 
[21:26:24.362] OK
[21:26:24.362] 
[21:26:28.284] AT+CPIN?
[21:26:28.284] +CPIN: READY
[21:26:28.284] 
[21:26:28.284] OK
[21:26:28.284] 
[21:26:29.284] AT+CPIN?
[21:26:29.284] +CPIN: READY
[21:26:29.284] 
[21:26:29.284] OK
[21:26:29.284] 
[21:26:30.141] AT+CPIN?
[21:26:30.141] +CPIN: READY
[21:26:30.141] 
[21:26:30.141] OK
[21:26:30.141] 
[21:27:04.469] AT+CGMR
[21:27:04.469] PMTH2S21
[21:27:04.469] 
[21:27:04.469] OK
[21:27:04.469] 
[21:27:05.761] AT+CGMR
[21:27:05.761] PMTH2S21
[21:27:05.761] 
[21:27:05.761] OK
[21:27:05.761] 
[21:27:16.098] AT+CSQ
[21:27:16.098] +CSQ: 31,99
[21:27:16.098] 
[21:27:16.098] OK
[21:27:16.098] 
[21:27:18.365] AT+CSQ
[21:27:18.365] +CSQ: 31,99
[21:27:18.365] 
[21:27:18.365] OK
[21:27:18.365] 
[21:27:19.001] AT+CSQ
[21:27:19.001] +CSQ: 31,99
[21:27:19.001] 
[21:27:19.001] OK
[21:27:19.001] AT+CSQ
[21:27:19.252] +CSQ: 31,99
[21:27:19.252] 
[21:27:19.252] OK
[21:27:19.252] 
[21:27:19.510] AT+CSQ
[21:27:19.510] +CSQ: 31,99
[21:27:19.510] 
[21:27:19.510] OK
[21:27:19.510] 
[21:27:33.681] AT+CREG?
[21:27:33.681] +CREG: 0,1
[21:27:33.681] 
[21:27:33.681] OK
[21:27:33.681] 
[21:27:41.407] AT+CGDCONT?
[21:27:41.407] +CGDCONT: 1,"IPV4V6","cmnet","0.0.0.0.0.0.0.0.0.0.0.0.0.0.0.0",0,0,0,0,,,,,,,,,"",,,,0
[21:27:41.407] +CGDCONT: 2,"IPV4V6","ims","0.0.0.0.0.0.0.0.0.0.0.0.0.0.0.0",0,0,0,0,,,,,,,,,"",,,,0
[21:27:41.407] +CGDCONT: 3,"IPV4V6","CMNET","0.0.0.0.0.0.0.0.0.0.0.0.0.0.0.0",0,0,0,0,,,,,,,,,"",,,,0
[21:27:41.407] +CGDCONT: 4,"IPV4V6","CMWAP","0.0.0.0.0.0.0.0.0.0.0.0.0.0.0.0",0,0,0,0,,,,,,,,,"",,,,0
[21:27:41.407] +CGDCONT: 5,"IPV4V6","SOS","0.0.0.0.0.0.0.0.0.0.0.0.0.0.0.0",0,0,0,1,,,,,,,,,"",,,,0
[21:27:41.407] 
[21:27:41.407] OK
[21:27:41.407] 
[21:27:56.150] AT+CGDCONT?
[21:27:56.150] +CGDCONT: 1,"IPV4V6","cmnet","0.0.0.0.0.0.0.0.0.0.0.0.0.0.0.0",0,0,0,0,,,,,,,,,"",,,,0
[21:27:56.150] +CGDCONT: 2,"IPV4V6","ims","0.0.0.0.0.0.0.0.0.0.0.0.0.0.0.0",0,0,0,0,,,,,,,,,"",,,,0
[21:27:56.150] +CGDCONT: 3,"IPV4V6","CMNET","0.0.0.0.0.0.0.0.0.0.0.0.0.0.0.0",0,0,0,0,,,,,,,,,"",,,,0
[21:27:56.150] +CGDCONT: 4,"IPV4V6","CMWAP","0.0.0.0.0.0.0.0.0.0.0.0.0.0.0.0",0,0,0,0,,,,,,,,,"",,,,0
[21:27:56.150] +CGDCONT: 5,"IPV4V6","SOS","0.0.0.0.0.0.0.0.0.0.0.0.0.0.0.0",0,0,0,1,,,,,,,,,"",,,,0
[21:27:56.150] 
[21:27:56.150] OK
[21:27:56.150] 
[21:28:13.786] ATD*99***3#;
[21:28:13.786] OK
[21:28:13.786] 
[21:28:46.506] ATD*99***3#
[21:28:46.506] ERROR
[21:28:46.506] 
[21:28:51.386] AT+CGDCONT?
[21:28:51.386] +CGDCONT: 1,"IPV4V6","cmnet","0.0.0.0.0.0.0.0.0.0.0.0.0.0.0.0",0,0,0,0,,,,,,,,,"",,,,0
[21:28:51.386] +CGDCONT: 2,"IPV4V6","ims","0.0.0.0.0.0.0.0.0.0.0.0.0.0.0.0",0,0,0,0,,,,,,,,,"",,,,0
[21:28:51.386] +CGDCONT: 3,"IPV4V6","CMNET","0.0.0.0.0.0.0.0.0.0.0.0.0.0.0.0",0,0,0,0,,,,,,,,,"",,,,0
[21:28:51.386] +CGDCONT: 4,"IPV4V6","CMWAP","0.0.0.0.0.0.0.0.0.0.0.0.0.0.0.0",0,0,0,0,,,,,,,,,"",,,,0
[21:28:51.386] +CGDCONT: 5,"IPV4V6","SOS","0.0.0.0.0.0.0.0.0.0.0.0.0.0.0.0",0,0,0,1,,,,,,,,,"",,,,0
[21:28:51.386] 
[21:28:51.386] OK
[21:28:51.386] 
[21:29:01.229] AT+CGACT?
[21:29:01.229] +CGACT: 1,1
[21:29:01.229] +CGACT: 2,0
[21:29:01.229] +CGACT: 3,0
[21:29:01.229] +CGACT: 4,0
[21:29:01.229] +CGACT: 5,0
[21:29:01.229] 
[21:29:01.229] OK
[21:29:01.229] 
[21:29:18.639] ATD*99***1#
[21:29:18.639] ERROR
[21:29:18.639] 
[21:29:26.477] ATD*99***1#；
[21:29:26.477] OK
[21:29:26.477] 
[21:29:28.422] ATD*99***1#；
[21:29:28.422] BUSY
[21:29:28.422] 
[21:33:42.509] AT
[21:33:42.511] 
[21:33:42.511] OK
[21:33:42.511] 
[21:33:54.249] AT+CIMI
[21:33:54.251] 
[21:33:54.251] ERROR
[21:33:54.251] 
[21:33:56.861] AT+CIMI
[21:33:56.861] ERROR
[21:33:56.861] 
[21:34:10.341] AT+CPIN?
[21:34:10.341] +CME ERROR: SIM not inserted
[21:34:10.341] 
[21:34:11.388] AT+CPIN?
[21:34:11.388] +CME ERROR: SIM not inserted
[21:34:11.388] AT+CPIN?
[21:34:11.643] +CME ERROR: SIM not inserted
[21:34:11.643] AT+CPIN?
[21:34:11.834] +CME ERROR: SIM not inserted
[21:34:11.834] 
[21:34:12.043] AT+CPIN?
[21:34:12.043] +CME ERROR: SIM not inserted
[21:34:12.043] AT+CPIN?
[21:34:12.235] +CME ERROR: SIM not inserted
[21:34:12.235] AT+CPIN?
[21:34:12.427] 
[21:34:12.427] +CME ERROR: SIM not inserted
[21:34:12.427] 
[21:34:12.625] AT+CPIN?
[21:34:12.625] +CME ERROR: SIM not inserted
[21:34:12.625] AT+CPIN?
[21:34:12.828] +CME ERROR: SIM not inserted
[21:34:12.828] AT+CPIN?
[21:34:13.024] +CME ERROR: SIM not inserted
[21:34:13.024] 
[21:34:13.248] AT+CPIN?
[21:34:13.248] +CME ERROR: SIM not inserted
[21:34:13.248] 
[21:34:13.776] AT+CPIN?
[21:34:13.776] +CME ERROR: SIM not inserted
[21:34:13.776] AT+CPIN?
[21:34:14.027] +CME ERROR: SIM not inserted
[21:34:14.027] AT+CPIN?
[21:34:14.198] +CME ERROR: SIM not inserted
[21:34:14.198] 
[21:34:14.375] AT+CPIN?
[21:34:14.375] +CME ERROR: SIM not inserted
[21:34:14.375] AT+CPIN?
[21:34:14.582] +CME ERROR: SIM not inserted
[21:34:14.582] AT+CPIN?
[21:34:14.790] +CME ERROR: SIM not inserted
[21:34:14.790] 
[21:35:39.442] AT+CPIN?
[21:35:39.442] +CPIN: READY
[21:35:39.442] 
[21:35:39.442] OK
[21:35:39.442] 
[21:35:42.564] AT
[21:35:42.564] OK
[21:35:42.564] 
[21:35:43.812] AT
[21:35:43.812] OK
[21:35:43.812] 
[21:35:51.561] AT+CPIN?
[21:35:51.561] +CPIN: READY
[21:35:51.561] 
[21:35:51.561] OK
[21:35:51.561] 
[21:35:57.201] AT+CIMI
[21:35:57.201] 460007754117176
[21:35:57.201] 
[21:35:57.201] OK
[21:35:57.201] 
[21:36:07.137] AT+CREG?
[21:36:07.137] +CREG: 0,0
[21:36:07.137] 
[21:36:07.137] OK
[21:36:07.137] 
[21:36:09.517] AT+CREG?
[21:36:09.517] +CREG: 0,0
[21:36:09.517] 
[21:36:09.517] OK
[21:36:09.517] 
[21:36:19.595] AT+CGACT?
[21:36:19.595] +CGACT: 1,0
[21:36:19.595] +CGACT: 2,1
[21:36:19.595] +CGACT: 3,0
[21:36:19.595] +CGACT: 4,0
[21:36:19.595] +CGACT: 5,0
[21:36:19.595] 
[21:36:19.595] OK
[21:36:19.595] 
[21:36:32.558] AT+CSQ
[21:36:32.558] +CSQ: 99,99
[21:36:32.558] 
[21:36:32.558] OK
[21:36:32.558] 
[21:37:23.519] AT+COPS?
[21:37:23.519] +COPS: 0,0,"CHINA MOBILE CMCC",11
[21:37:23.519] 
[21:37:23.519] OK
[21:37:23.519] 
[21:37:45.411] AT+CREG?
[21:37:45.411] +CREG: 0,0
[21:37:45.411] 
[21:37:45.411] OK
[21:37:45.411] 
[21:38:09.025] AT+CEREG?
[21:38:09.025] +CEREG: 0,1
[21:38:09.025] 
[21:38:09.025] OK
[21:38:09.025] 
[21:38:10.263] AT+CEREG?
[21:38:10.263] +CEREG: 0,1
[21:38:10.263] 
[21:38:10.263] OK
[21:38:10.263] 
[21:38:11.134] AT+CEREG?
[21:38:11.134] +CEREG: 0,1
[21:38:11.134] 
[21:38:11.134] OK
[21:38:11.134] AT+CEREG?
[21:38:11.551] +CEREG: 0,1
[21:38:11.551] 
[21:38:11.551] OK
[21:38:11.551] 
[21:38:11.763] AT+CEREG?
[21:38:11.763] +CEREG: 0,1
[21:38:11.763] 
[21:38:11.763] OK
[21:38:11.763] AT+CEREG?
[21:38:11.971] +CEREG: 0,1
[21:38:11.971] 
[21:38:11.971] OK
[21:38:11.971] 
[21:39:37.272] AT+CGACT?
[21:39:37.272] +CGACT: 1,0
[21:39:37.272] +CGACT: 2,1
[21:39:37.272] +CGACT: 3,0
[21:39:37.272] +CGACT: 4,0
[21:39:37.272] +CGACT: 5,0
[21:39:37.272] 
[21:39:37.272] OK
[21:39:37.272] 
[21:41:09.932] AT+CGDCONT?
[21:41:09.932] +CGDCONT: 1,"IPV4V6","cmnet","0.0.0.0.0.0.0.0.0.0.0.0.0.0.0.0",0,0,0,0,,,,,,,,,"",,,,0
[21:41:09.932] +CGDCONT: 2,"IPV4V6","ims","0.0.0.0.0.0.0.0.0.0.0.0.0.0.0.0",0,0,0,0,,,,,,,,,"",,,,0
[21:41:09.932] +CGDCONT: 3,"IPV4V6","CMNET","0.0.0.0.0.0.0.0.0.0.0.0.0.0.0.0",0,0,0,0,,,,,,,,,"",,,,0
[21:41:09.932] +CGDCONT: 4,"IPV4V6","CMWAP","0.0.0.0.0.0.0.0.0.0.0.0.0.0.0.0",0,0,0,0,,,,,,,,,"",,,,0
[21:41:09.932] +CGDCONT: 5,"IPV4V6","SOS","0.0.0.0.0.0.0.0.0.0.0.0.0.0.0.0",0,0,0,1,,,,,,,,,"",,,,0
[21:41:09.932] 
[21:41:09.932] OK
[21:41:09.932] 
[21:42:18.789] AT+CGACT=1,1
[21:42:22.197] 
[21:42:22.197] OK
[21:42:22.197] 
[21:42:31.429] AT+CGACT?
[21:42:31.429] +CGACT: 1,1
[21:42:31.429] +CGACT: 2,1
[21:42:31.429] +CGACT: 3,0
[21:42:31.429] +CGACT: 4,0
[21:42:31.429] +CGACT: 5,0
[21:42:31.429] 
[21:42:31.429] OK
[21:42:31.429] 
[21:42:39.524] AT+CGDCONT?
[21:42:39.524] +CGDCONT: 1,"IPV4V6","cmnet","0.0.0.0.0.0.0.0.0.0.0.0.0.0.0.0",0,0,0,0,,,,,,,,,"",,,,0
[21:42:39.524] +CGDCONT: 2,"IPV4V6","ims","0.0.0.0.0.0.0.0.0.0.0.0.0.0.0.0",0,0,0,0,,,,,,,,,"",,,,0
[21:42:39.524] +CGDCONT: 3,"IPV4V6","CMNET","0.0.0.0.0.0.0.0.0.0.0.0.0.0.0.0",0,0,0,0,,,,,,,,,"",,,,0
[21:42:39.524] +CGDCONT: 4,"IPV4V6","CMWAP","0.0.0.0.0.0.0.0.0.0.0.0.0.0.0.0",0,0,0,0,,,,,,,,,"",,,,0
[21:42:39.524] +CGDCONT: 5,"IPV4V6","SOS","0.0.0.0.0.0.0.0.0.0.0.0.0.0.0.0",0,0,0,1,,,,,,,,,"",,,,0
[21:42:39.524] 
[21:42:39.524] OK
[21:42:39.524] 
[21:43:49.755] ATD*99#
[21:43:49.755] ERROR
[21:43:49.755] 
[21:43:55.219] ATD*99#;
[21:43:55.219] OK
[21:43:55.219] 
[21:54:18.447] AT+CR?
[21:54:18.447] +CR: 0
[21:54:18.447] 
[21:54:18.447] OK
[21:54:18.447] 
[21:54:26.307] AT+CR=1
[21:54:26.307] OK
[21:54:26.307] 
[21:54:40.387] ATD*99#
[21:54:40.387] ERROR
[21:54:40.387] 
[21:54:50.114] ATD*99#;
[21:54:50.114] OK
[21:54:50.114] 
[21:57:23.957] AT+CGDATA="PPP",1
[21:57:23.957] ERROR
[21:57:23.957] 
[21:57:39.235] AT+CGDATA=PPP,1
[21:57:39.235] ERROR
[21:57:39.235] 
[21:57:55.582] AT+CGDATA?
[21:57:55.582] ERROR
[21:57:55.582] 
[21:58:16.802] AT+CGDATA=?
[22:24:04.373] AT
[22:24:04.373] OK
[22:24:04.373] 
[22:24:17.091] AT+CIMI
[22:24:17.091] 460007754117176
[22:24:17.091] 
[22:24:17.091] OK
[22:24:17.091] 
[22:24:33.407] AT+CPIN?
[22:24:33.407] +CPIN: READY
[22:24:33.407] 
[22:24:33.407] OK
[22:24:33.407] 
[22:24:47.491] AT+CEREG?
[22:24:47.491] +CEREG: 0,1
[22:24:47.491] 
[22:24:47.491] OK
[22:24:47.491] 
[22:25:01.782] AT+CGACT=1,1
[22:25:02.240] 
[22:25:02.240] OK
[22:25:02.240] 
[22:25:15.491] AT+CGDATA?
[22:25:15.491] ERROR
[22:25:15.491] 
[22:25:23.623] AT+CGDCONT?
[22:25:23.623] +CGDCONT: 1,"IPV4V6","cmnet","0.0.0.0.0.0.0.0.0.0.0.0.0.0.0.0",0,0,0,0,,,,,,,,,"",,,,0
[22:25:23.623] +CGDCONT: 2,"IPV4V6","ims","0.0.0.0.0.0.0.0.0.0.0.0.0.0.0.0",0,0,0,0,,,,,,,,,"",,,,0
[22:25:23.623] +CGDCONT: 3,"IPV4V6","CMNET","0.0.0.0.0.0.0.0.0.0.0.0.0.0.0.0",0,0,0,0,,,,,,,,,"",,,,0
[22:25:23.623] +CGDCONT: 4,"IPV4V6","CMWAP","0.0.0.0.0.0.0.0.0.0.0.0.0.0.0.0",0,0,0,0,,,,,,,,,"",,,,0
[22:25:23.623] +CGDCONT: 5,"IPV4V6","SOS","0.0.0.0.0.0.0.0.0.0.0.0.0.0.0.0",0,0,0,1,,,,,,,,,"",,,,0
[22:25:23.623] 
[22:25:23.623] OK
[22:25:23.623] 
[22:25:42.455] AT+CGACT?
[22:25:42.455] +CGACT: 1,1
[22:25:42.455] +CGACT: 2,1
[22:25:42.455] +CGACT: 3,0
[22:25:42.455] +CGACT: 4,0
[22:25:42.455] +CGACT: 5,0
[22:25:42.455] 
[22:25:42.455] OK
[22:25:42.455] 
[22:26:03.799] ATD*99***1#；
[22:26:03.799] OK
[22:26:03.799] 
[22:27:44.263] AT+CGATT?
[22:27:44.263] +CGATT: 1
[22:27:44.263] 
[22:27:44.263] OK
[22:27:44.263] 
[22:28:01.703] AT+COPS?
[22:28:01.703] +COPS: 0,0,"CHINA MOBILE CMCC",11
[22:28:01.703] 
[22:28:01.703] OK
[22:28:01.703] 
[22:28:10.544] AT+CSQ
[22:28:10.544] +CSQ: 99,99
[22:28:10.544] 
[22:28:10.544] OK
[22:28:10.544] 
[22:28:13.590] AT+CSQ
[22:28:13.590] +CSQ: 99,99
[22:28:13.590] 
[22:28:13.590] OK
[22:28:13.590] 
[22:29:40.043] AT+CSQ
[22:29:40.043] +CSQ: 99,99
[22:29:40.043] 
[22:29:40.043] OK
[22:29:40.043] 
[22:30:17.672] AT+CSQ=?
[22:30:17.672] +CSQ: (0-31,99),(0-7,99)
[22:30:17.672] 
[22:30:17.672] OK
[22:30:17.672] 
[22:30:25.723] AT+CSQ
[22:30:25.723] +CSQ: 99,99
[22:30:25.723] 
[22:30:25.723] OK
[22:30:25.723] 
[22:30:27.607] AT+CSQ
[22:30:27.607] +CSQ: 99,99
[22:30:27.607] 
[22:30:27.607] OK
[22:30:27.607] 
[22:31:03.058] AT+CEREG?
[22:31:03.058] +CEREG: 0,1
[22:31:03.058] 
[22:31:03.058] OK
[22:31:03.058] 
[22:35:07.194] AT+COPS=?
[22:36:03.259] 
[22:36:03.259] +COPS: (1,"CHINA MOBILE","CMCC","46000",7),(1,"CHN-CT","CT","46011",7),(3,"CHN-UNICOM","UNICOM","46001",7),(3,"CHN-UNICOM","UNICOM","46001",2),,(0,1,2,3,4),(0,1,2)
[22:36:03.259] 
[22:36:03.259] OK
[22:36:03.259] 
[22:37:57.150] AT+COPS?
[22:37:57.150] +COPS: 0,0,"CHINA MOBILE CMCC",13
[22:37:57.150] 
[22:37:57.150] OK
[22:37:57.150] 
[22:38:50.680] AT+COPS=0,1,"CHINA MOBILE",7
[22:38:50.680] OK
[22:38:50.680] 
[22:38:57.927] AT+COPS?
[22:38:57.927] +COPS: 0,1,"CMCC CMCC",7
[22:38:57.927] 
[22:38:57.927] OK
[22:38:57.927] 
[22:39:04.354] AT+CEREG?
[22:39:04.354] +CEREG: 0,1
[22:39:04.354] 
[22:39:04.354] OK
[22:39:04.354] 
[22:39:13.849] AT+CGATT?
[22:39:13.849] +CGATT: 1
[22:39:13.849] 
[22:39:13.849] OK
[22:39:13.849] 
[22:39:21.766] AT+CGDCONT?
[22:39:21.766] +CGDCONT: 1,"IPV4V6","cmnet","0.0.0.0.0.0.0.0.0.0.0.0.0.0.0.0",0,0,0,0,,,,,,,,,"",,,,0
[22:39:21.766] +CGDCONT: 2,"IPV4V6","ims","0.0.0.0.0.0.0.0.0.0.0.0.0.0.0.0",0,0,0,0,,,,,,,,,"",,,,0
[22:39:21.766] +CGDCONT: 3,"IPV4V6","CMNET","0.0.0.0.0.0.0.0.0.0.0.0.0.0.0.0",0,0,0,0,,,,,,,,,"",,,,0
[22:39:21.766] +CGDCONT: 4,"IPV4V6","CMWAP","0.0.0.0.0.0.0.0.0.0.0.0.0.0.0.0",0,0,0,0,,,,,,,,,"",,,,0
[22:39:21.766] +CGDCONT: 5,"IPV4V6","SOS","0.0.0.0.0.0.0.0.0.0.0.0.0.0.0.0",0,0,0,1,,,,,,,,,"",,,,0
[22:39:21.766] 
[22:39:21.766] OK
[22:39:21.766] 
[22:39:39.115] AT+CGACT?
[22:39:39.115] +CGACT: 1,1
[22:39:39.115] +CGACT: 2,1
[22:39:39.115] +CGACT: 3,0
[22:39:39.115] +CGACT: 4,0
[22:39:39.115] +CGACT: 5,0
[22:39:39.115] 
[22:39:39.115] OK
[22:39:39.115] 
[22:39:46.905] ATD*99***1#；
[22:39:46.905] OK
[22:39:46.905] 
[22:40:35.286] AT+COPS?
[22:40:35.286] +COPS: 0,1,"CMCC CMCC",13
[22:40:35.286] 
[22:40:35.286] OK
[22:40:35.286] 
[22:40:44.638] AT+COPS=?
[22:41:34.235] 
[22:41:34.235] +COPS: (1,"CHINA MOBILE","CMCC","46000",12),(1,"CHINA MOBILE","CMCC","46000",7),(3,"CHN-UNICOM","UNICOM","46001",7),(1,"CHN-CT","CT","46011",7),(3,"CHN-UNICOM","UNICOM","46001",2),(3,"CHN-UNICOM","UNICOM","46001",12),(1,"CHN-CT","CT","46011",12),,(0,1,2,3,4),(0,1,2)
[22:41:34.235] 
[22:41:34.235] OK
[22:41:34.235] 
[22:43:41.261] AT+COPS=0,1,"CHINA MOBILE CMCC",7
[22:43:41.261] OK
[22:43:41.261] 
[22:43:46.532] AT+COPS?
[22:43:46.532] +COPS: 0,1,"CMCC CMCC",7
[22:43:46.532] 
[22:43:46.532] OK
[22:43:46.532] 
[22:43:56.571] AT+CEREG?
[22:43:56.571] +CEREG: 0,1
[22:43:56.571] 
[22:43:56.571] OK
[22:43:56.571] 
[22:44:03.540] AT+CGMR
[22:44:03.540] PMTH2S21
[22:44:03.540] 
[22:44:03.540] OK
[22:44:03.540] 
[22:44:29.684] AT+CGDCONT?
[22:44:29.684] +CGDCONT: 1,"IPV4V6","cmnet","0.0.0.0.0.0.0.0.0.0.0.0.0.0.0.0",0,0,0,0,,,,,,,,,"",,,,0
[22:44:29.684] +CGDCONT: 2,"IPV4V6","ims","0.0.0.0.0.0.0.0.0.0.0.0.0.0.0.0",0,0,0,0,,,,,,,,,"",,,,0
[22:44:29.684] +CGDCONT: 3,"IPV4V6","CMNET","0.0.0.0.0.0.0.0.0.0.0.0.0.0.0.0",0,0,0,0,,,,,,,,,"",,,,0
[22:44:29.684] +CGDCONT: 4,"IPV4V6","CMWAP","0.0.0.0.0.0.0.0.0.0.0.0.0.0.0.0",0,0,0,0,,,,,,,,,"",,,,0
[22:44:29.684] +CGDCONT: 5,"IPV4V6","SOS","0.0.0.0.0.0.0.0.0.0.0.0.0.0.0.0",0,0,0,1,,,,,,,,,"",,,,0
[22:44:29.684] 
[22:44:29.684] OK
[22:44:29.684] 
[22:45:06.783] ATD*99***1#;
[22:45:06.783] OK
[22:45:06.783] 
[22:45:17.327] AT+COPS?
[22:45:17.327] +COPS: 0,1,"CMCC CMCC",13
[22:45:17.327] 
[22:45:17.327] OK
[22:45:17.327] 
[22:45:38.622] AT+COPS=?
[22:46:12.347] 
[22:46:12.347] +COPS: (1,"CHINA MOBILE","CMCC","46000",12),(1,"CHINA MOBILE","CMCC","46000",7),(1,"CHN-CT","CT","46011",7),(3,"CHN-UNICOM","UNICOM","46001",7),(3,"CHN-UNICOM","UNICOM","46001",2),,(0,1,2,3,4),(0,1,2)
[22:46:12.347] 
[22:46:12.347] OK
[22:46:12.347] 