[05-09 22:57:18:037]at

[05-09 22:57:18:037]NO CARRIER
[05-09 22:57:19:060]at

[05-09 22:57:19:060]OK
[05-09 22:57:22:821]at

[05-09 22:57:22:821]OK
[05-09 22:57:44:869]at+cpin?

[05-09 22:57:44:869]+CPIN: READY
[05-09 22:57:44:869]
[05-09 22:57:44:869]OK
[05-09 22:57:56:877]at+gmr

[05-09 22:57:56:877]PMTH2S21
[05-09 22:57:56:877]
[05-09 22:57:56:877]OK
[05-09 22:58:13:624]at+cimi

[05-09 22:58:13:624]460011662611900
[05-09 22:58:13:624]
[05-09 22:58:13:624]OK
[05-09 22:58:24:968]at+cereg?

[05-09 22:58:24:968]+CEREG: 0,1
[05-09 22:58:24:968]
[05-09 22:58:24:968]OK
[05-09 22:59:18:848]at+csq

[05-09 22:59:18:848]+csq: 24,99
[05-09 22:59:18:848]
[05-09 22:59:18:848]OK
[05-09 22:59:20:939]at+csq

[05-09 22:59:20:939]+csq: 24,99
[05-09 22:59:20:939]
[05-09 22:59:20:939]OK
[05-09 22:59:32:647]at+cops=?

[05-09 23:00:28:883]+cops: (1,"CHN-UNICOM","UNICOM","46001",7),(1,"CHN-UNICOM","UNICOM","46001",2),(1,"CHN-UNICOM","UNICOM","46001",12),(3,"CHINA MOBILE","CMCC","46000",7),(3,"CHINA MOBILE","CMCC","46000",12),(3,"CHN-CT","CT","46011",7),(3,"CHN-CT","CT","46011",12),,(0,1,2,3,4),(0,1,2)
[05-09 23:00:28:883]
[05-09 23:00:28:883]OK
[05-09 23:00:47:908]at+cops?

[05-09 23:00:47:908]+cops: 0,0,"CHN-UNICOM",13
[05-09 23:00:47:908]
[05-09 23:00:47:908]OK
[05-09 23:05:45:997]at+cgdcont?

[05-09 23:05:45:997]+CGDCONT: 1,"IPV4V6","3GNET","0.0.0.0.0.0.0.0.0.0.0.0.0.0.0.0",0,0,0,0,,,,,,,,,"",,,,0
[05-09 23:05:45:997]+CGDCONT: 2,"IPV4V6","3GWAP","0.0.0.0.0.0.0.0.0.0.0.0.0.0.0.0",0,0,0,0,,,,,,,,,"",,,,0
[05-09 23:05:45:997]+CGDCONT: 3,"IPV4V6","WONET","0.0.0.0.0.0.0.0.0.0.0.0.0.0.0.0",0,0,0,0,,,,,,,,,"",,,,0
[05-09 23:05:45:997]+CGDCONT: 4,"IPV4V6","IMS","0.0.0.0.0.0.0.0.0.0.0.0.0.0.0.0",0,0,0,0,,,,,,,,,"",,,,0
[05-09 23:05:45:997]+CGDCONT: 5,"IPV4V6","SOS","0.0.0.0.0.0.0.0.0.0.0.0.0.0.0.0",0,0,0,1,,,,,,,,,"",,,,0
[05-09 23:05:45:997]
[05-09 23:05:45:997]OK
[05-09 23:06:42:358]atd*99***1#;

[05-09 23:06:42:378]OK
[05-09 23:07:11:184]at+cgatt?

[05-09 23:07:11:184]+CGATT: 1
[05-09 23:07:11:184]
[05-09 23:07:11:184]OK
[05-09 23:07:28:920]at+cgatt=1,1

[05-09 23:07:28:920]ERROR
[05-09 23:07:47:796]at+cgreg?

[05-09 23:07:47:796]+CGREG: 0,0
[05-09 23:07:47:796]
[05-09 23:07:47:796]OK
[05-09 23:08:10:096]at+cereg?

[05-09 23:08:10:096]+CEREG: 0,1
[05-09 23:08:10:096]
[05-09 23:08:10:096]OK
